<?xml version="1.0" encoding="utf-8"?><testsuites name="pytest tests"><testsuite name="pytest" errors="0" failures="0" skipped="0" tests="7" time="3.902" timestamp="2026-08-17T12:33:50.983223+03:00" hostname="Ubuntu-GPU-116"><testcase classname="tests.nonfunctional.test_extensibility" name="test_dummygen_is_a_base_generator" time="0.001" /><testcase classname="tests.nonfunctional.test_extensibility" name="test_unified_generator_registers_dummy_without_dispatch_changes" time="0.001" /><testcase classname="tests.nonfunctional.test_extensibility" name="test_unified_generator_can_invoke_dummy" time="0.002" /><testcase classname="tests.nonfunctional.test_extensibility" name="test_unified_generator_unknown_type_still_handled_generically" time="0.001" /><testcase classname="tests.nonfunctional.test_security_malformed_upload" name="test_malicious_payload_disguised_as_jpg_is_rejected" time="1.897" /><testcase classname="tests.nonfunctional.test_security_malformed_upload" name="test_malicious_payload_disguised_as_jpg_via_embed_endpoint_is_rejected" time="0.008" /><testcase classname="tests.nonfunctional.test_security_malformed_upload" name="test_control_real_jpg_bytes_are_accepted" time="0.319" /></testsuite></testsuites>