<?xml version="1.0" encoding="utf-8"?><testsuites name="pytest tests"><testsuite name="pytest" errors="0" failures="0" skipped="0" tests="141" time="7.541" timestamp="2026-08-17T12:33:42.039219+03:00" hostname="Ubuntu-GPU-116"><testcase classname="tests.test_api" name="test_health" time="1.870" /><testcase classname="tests.test_api" name="test_analyze_returns_valid_response" time="0.327" /><testcase classname="tests.test_api" name="test_analyze_rejects_invalid_image" time="0.033" /><testcase classname="tests.test_api" name="test_analyze_handles_small_image" time="0.027" /><testcase classname="tests.test_api" name="test_lsb_embed_extract_decrypt_full_round_trip" time="0.115" /><testcase classname="tests.test_api" name="test_lsb_embed_extract_no_encryption_message_direct" time="0.033" /><testcase classname="tests.test_api" name="test_wrong_passphrase_returns_422_bad_key" time="0.110" /><testcase classname="tests.test_api" name="test_extract_with_no_payload_returns_404" time="0.007" /><testcase classname="tests.test_api" name="test_extract_auto_detects_method_when_not_specified" time="0.033" /><testcase classname="tests.test_api" name="test_fft_embed_extract_round_trip" time="0.051" /><testcase classname="tests.test_api" name="test_dct_embed_extract_correct_or_cleanly_rejected" time="0.034" /><testcase classname="tests.test_api" name="test_embed_message_too_large_returns_400" time="0.007" /><testcase classname="tests.test_api" name="test_embed_unknown_method_returns_400" time="0.007" /><testcase classname="tests.test_api" name="test_non_recoverable_embed_reports_correctly[adaptive]" time="0.090" /><testcase classname="tests.test_api" name="test_non_recoverable_embed_reports_correctly[steganogan]" time="0.051" /><testcase classname="tests.test_api" name="test_non_recoverable_embed_preserves_colour[adaptive]" time="0.103" /><testcase classname="tests.test_api" name="test_non_recoverable_embed_preserves_colour[steganogan]" time="0.046" /><testcase classname="tests.test_api" name="test_non_recoverable_embed_handles_non_256_shape" time="0.029" /><testcase classname="tests.test_api" name="test_extract_rejects_non_recoverable_method" time="0.006" /><testcase classname="tests.test_api" name="test_capacity_recoverable_methods[lsb]" time="0.007" /><testcase classname="tests.test_api" name="test_capacity_recoverable_methods[dct]" time="0.008" /><testcase classname="tests.test_api" name="test_capacity_recoverable_methods[fft]" time="0.009" /><testcase classname="tests.test_api" name="test_capacity_non_recoverable_methods[adaptive]" time="0.007" /><testcase classname="tests.test_api" name="test_capacity_non_recoverable_methods[steganogan]" time="0.006" /><testcase classname="tests.test_api" name="test_unknown_job_id_returns_404" time="0.002" /><testcase classname="tests.test_api" name="test_stego_and_diff_endpoints_after_embed" time="0.127" /><testcase classname="tests.test_codec" name="test_frame_decode_round_trip[0-0]" time="0.001" /><testcase classname="tests.test_codec" name="test_frame_decode_round_trip[0-1]" time="0.001" /><testcase classname="tests.test_codec" name="test_frame_decode_round_trip[0-2]" time="0.001" /><testcase classname="tests.test_codec" name="test_frame_decode_round_trip[1-0]" time="0.001" /><testcase classname="tests.test_codec" name="test_frame_decode_round_trip[1-1]" time="0.001" /><testcase classname="tests.test_codec" name="test_frame_decode_round_trip[1-2]" time="0.001" /><testcase classname="tests.test_codec" name="test_frame_decode_round_trip[2-0]" time="0.001" /><testcase classname="tests.test_codec" name="test_frame_decode_round_trip[2-1]" time="0.001" /><testcase classname="tests.test_codec" name="test_frame_decode_round_trip[2-2]" time="0.001" /><testcase classname="tests.test_codec" name="test_frame_decode_round_trip[3-0]" time="0.001" /><testcase classname="tests.test_codec" name="test_frame_decode_round_trip[3-1]" time="0.001" /><testcase classname="tests.test_codec" name="test_frame_decode_round_trip[3-2]" time="0.001" /><testcase classname="tests.test_codec" name="test_frame_decode_empty_ciphertext" time="0.001" /><testcase classname="tests.test_codec" name="test_frame_salt_nonce_shorter_than_field_are_padded" time="0.001" /><testcase classname="tests.test_codec" name="test_frame_salt_nonce_longer_than_field_are_truncated" time="0.001" /><testcase classname="tests.test_codec" name="test_decode_rejects_missing_magic" time="0.001" /><testcase classname="tests.test_codec" name="test_decode_rejects_short_data" time="0.001" /><testcase classname="tests.test_codec" name="test_decode_rejects_crc_mismatch" time="0.001" /><testcase classname="tests.test_codec" name="test_decode_rejects_unsupported_version" time="0.001" /><testcase classname="tests.test_codec" name="test_lsb_params_round_trip[sequential-1-1]" time="0.001" /><testcase classname="tests.test_codec" name="test_lsb_params_round_trip[skip-7-2]" time="0.001" /><testcase classname="tests.test_codec" name="test_lsb_params_round_trip[skip-65535-4]" time="0.001" /><testcase classname="tests.test_codec" name="test_dct_params_round_trip[mid-3.0]" time="0.001" /><testcase classname="tests.test_codec" name="test_dct_params_round_trip[low_mid-7.5]" time="0.001" /><testcase classname="tests.test_codec" name="test_fft_params_round_trip[low-8.0]" time="0.001" /><testcase classname="tests.test_codec" name="test_fft_params_round_trip[mid-32.0]" time="0.001" /><testcase classname="tests.test_codec" name="test_fft_params_round_trip[high-64.0]" time="0.001" /><testcase classname="tests.test_codec" name="test_unknown_lsb_strategy_id_falls_back_to_sequential" time="0.001" /><testcase classname="tests.test_codec" name="test_bytes_bits_round_trip[]" time="0.001" /><testcase classname="tests.test_codec" name="test_bytes_bits_round_trip[A]" time="0.001" /><testcase classname="tests.test_codec" name="test_bytes_bits_round_trip[hello]" time="0.001" /><testcase classname="tests.test_codec" name="test_bytes_bits_round_trip[\x00\x01\x02\x03\x04\x05\x06\x07\x08\t\n\x0b\x0c\r\x0e\x0f\x10\x11\x12\x13\x14\x15\x16\x17\x18\x19\x1a\x1b\x1c\x1d\x1e\x1f !&quot;#$%&amp;'()*+,-./0123456789:;&lt;=&gt;?@ABCDEFGHIJKLMNOPQRSTUVWXYZ[\]^_`abcdefghijklmnopqrstuvwxyz{|}~\x7f\x80\x81\x82\x83\x84\x85\x86\x87\x88\x89\x8a\x8b\x8c\x8d\x8e\x8f\x90\x91\x92\x93\x94\x95\x96\x97\x98\x99\x9a\x9b\x9c\x9d\x9e\x9f\xa0\xa1\xa2\xa3\xa4\xa5\xa6\xa7\xa8\xa9\xaa\xab\xac\xad\xae\xaf\xb0\xb1\xb2\xb3\xb4\xb5\xb6\xb7\xb8\xb9\xba\xbb\xbc\xbd\xbe\xbf\xc0\xc1\xc2\xc3\xc4\xc5\xc6\xc7\xc8\xc9\xca\xcb\xcc\xcd\xce\xcf\xd0\xd1\xd2\xd3\xd4\xd5\xd6\xd7\xd8\xd9\xda\xdb\xdc\xdd\xde\xdf\xe0\xe1\xe2\xe3\xe4\xe5\xe6\xe7\xe8\xe9\xea\xeb\xec\xed\xee\xef\xf0\xf1\xf2\xf3\xf4\xf5\xf6\xf7\xf8\xf9\xfa\xfb\xfc\xfd\xfe\xff]" time="0.001" /><testcase classname="tests.test_codec" name="test_bytes_to_bits_is_msb_first" time="0.001" /><testcase classname="tests.test_codec" name="test_total_bits_for" time="0.001" /><testcase classname="tests.test_codec" name="test_header_size_is_52_bytes" time="0.001" /><testcase classname="tests.test_crypto" name="test_encrypt_decrypt_round_trip[0]" time="0.001" /><testcase classname="tests.test_crypto" name="test_encrypt_decrypt_round_trip[1]" time="0.086" /><testcase classname="tests.test_crypto" name="test_encrypt_decrypt_round_trip[2]" time="0.092" /><testcase classname="tests.test_crypto" name="test_encrypt_decrypt_round_trip[3]" time="0.083" /><testcase classname="tests.test_crypto" name="test_round_trip_empty_plaintext[0]" time="0.001" /><testcase classname="tests.test_crypto" name="test_round_trip_empty_plaintext[1]" time="0.081" /><testcase classname="tests.test_crypto" name="test_round_trip_empty_plaintext[2]" time="0.080" /><testcase classname="tests.test_crypto" name="test_round_trip_empty_plaintext[3]" time="0.088" /><testcase classname="tests.test_crypto" name="test_round_trip_unicode_message[0]" time="0.001" /><testcase classname="tests.test_crypto" name="test_round_trip_unicode_message[1]" time="0.078" /><testcase classname="tests.test_crypto" name="test_round_trip_unicode_message[2]" time="0.080" /><testcase classname="tests.test_crypto" name="test_round_trip_unicode_message[3]" time="0.087" /><testcase classname="tests.test_crypto" name="test_wrong_passphrase_raises_decryption_error[1]" time="0.078" /><testcase classname="tests.test_crypto" name="test_wrong_passphrase_raises_decryption_error[2]" time="0.079" /><testcase classname="tests.test_crypto" name="test_wrong_passphrase_raises_decryption_error[3]" time="0.083" /><testcase classname="tests.test_crypto" name="test_tampered_ciphertext_raises_decryption_error[1]" time="0.079" /><testcase classname="tests.test_crypto" name="test_tampered_ciphertext_raises_decryption_error[2]" time="0.084" /><testcase classname="tests.test_crypto" name="test_tampered_ciphertext_raises_decryption_error[3]" time="0.090" /><testcase classname="tests.test_crypto" name="test_aead_ciphertext_differs_from_plaintext[1]" time="0.042" /><testcase classname="tests.test_crypto" name="test_aead_ciphertext_differs_from_plaintext[2]" time="0.041" /><testcase classname="tests.test_crypto" name="test_cipher_none_is_passthrough_no_encryption" time="0.001" /><testcase classname="tests.test_crypto" name="test_empty_passphrase_rejected_on_encrypt[1]" time="0.001" /><testcase classname="tests.test_crypto" name="test_empty_passphrase_rejected_on_encrypt[2]" time="0.001" /><testcase classname="tests.test_crypto" name="test_empty_passphrase_rejected_on_encrypt[3]" time="0.001" /><testcase classname="tests.test_crypto" name="test_empty_passphrase_rejected_on_decrypt[1]" time="0.041" /><testcase classname="tests.test_crypto" name="test_empty_passphrase_rejected_on_decrypt[2]" time="0.040" /><testcase classname="tests.test_crypto" name="test_empty_passphrase_rejected_on_decrypt[3]" time="0.041" /><testcase classname="tests.test_crypto" name="test_different_salts_produce_different_ciphertext[1]" time="0.081" /><testcase classname="tests.test_crypto" name="test_different_salts_produce_different_ciphertext[2]" time="0.078" /><testcase classname="tests.test_crypto" name="test_different_salts_produce_different_ciphertext[3]" time="0.082" /><testcase classname="tests.test_crypto" name="test_cipher_id_from_name_aliases[None-0]" time="0.001" /><testcase classname="tests.test_crypto" name="test_cipher_id_from_name_aliases[-0]" time="0.001" /><testcase classname="tests.test_crypto" name="test_cipher_id_from_name_aliases[none-0]" time="0.001" /><testcase classname="tests.test_crypto" name="test_cipher_id_from_name_aliases[aes256gcm-1]" time="0.001" /><testcase classname="tests.test_crypto" name="test_cipher_id_from_name_aliases[AES-256-GCM-1]" time="0.001" /><testcase classname="tests.test_crypto" name="test_cipher_id_from_name_aliases[aes-1]" time="0.001" /><testcase classname="tests.test_crypto" name="test_cipher_id_from_name_aliases[chacha20poly1305-2]" time="0.001" /><testcase classname="tests.test_crypto" name="test_cipher_id_from_name_aliases[ChaCha20-Poly1305-2]" time="0.001" /><testcase classname="tests.test_crypto" name="test_cipher_id_from_name_aliases[fernet-3]" time="0.001" /><testcase classname="tests.test_crypto" name="test_cipher_id_from_name_passthrough_int" time="0.001" /><testcase classname="tests.test_crypto" name="test_cipher_id_from_name_unknown_raises" time="0.001" /><testcase classname="tests.test_crypto" name="test_cipher_names_and_ids_are_consistent_inverses" time="0.001" /><testcase classname="tests.test_generators" name="test_embed_extract_payload_bit_exact_round_trip[lsb]" time="0.001" /><testcase classname="tests.test_generators" name="test_embed_extract_payload_bit_exact_round_trip[dct]" time="0.004" /><testcase classname="tests.test_generators" name="test_embed_extract_payload_bit_exact_round_trip[fft]" time="0.014" /><testcase classname="tests.test_generators" name="test_embed_payload_does_not_mutate_input_array[lsb]" time="0.001" /><testcase classname="tests.test_generators" name="test_embed_payload_does_not_mutate_input_array[dct]" time="0.003" /><testcase classname="tests.test_generators" name="test_embed_payload_does_not_mutate_input_array[fft]" time="0.010" /><testcase classname="tests.test_generators" name="test_full_framed_round_trip_correct_or_cleanly_detected[0-lsb]" time="0.002" /><testcase classname="tests.test_generators" name="test_full_framed_round_trip_correct_or_cleanly_detected[0-dct]" time="0.005" /><testcase classname="tests.test_generators" name="test_full_framed_round_trip_correct_or_cleanly_detected[0-fft]" time="0.017" /><testcase classname="tests.test_generators" name="test_full_framed_round_trip_correct_or_cleanly_detected[1-lsb]" time="0.079" /><testcase classname="tests.test_generators" name="test_full_framed_round_trip_correct_or_cleanly_detected[1-dct]" time="0.080" /><testcase classname="tests.test_generators" name="test_full_framed_round_trip_correct_or_cleanly_detected[1-fft]" time="0.090" /><testcase classname="tests.test_generators" name="test_dct_bit_corruption_is_caught_by_crc_not_silently_accepted" time="0.006" /><testcase classname="tests.test_generators" name="test_wrong_passphrase_fails_after_real_embed[lsb]" time="0.076" /><testcase classname="tests.test_generators" name="test_wrong_passphrase_fails_after_real_embed[dct]" time="0.078" /><testcase classname="tests.test_generators" name="test_wrong_passphrase_fails_after_real_embed[fft]" time="0.096" /><testcase classname="tests.test_generators" name="test_payload_capacity_bits_positive[lsb]" time="0.001" /><testcase classname="tests.test_generators" name="test_payload_capacity_bits_positive[dct]" time="0.001" /><testcase classname="tests.test_generators" name="test_payload_capacity_bits_positive[fft]" time="0.003" /><testcase classname="tests.test_generators" name="test_payload_capacity_scales_with_image_size[lsb]" time="0.001" /><testcase classname="tests.test_generators" name="test_payload_capacity_scales_with_image_size[dct]" time="0.001" /><testcase classname="tests.test_generators" name="test_payload_capacity_scales_with_image_size[fft]" time="0.003" /><testcase classname="tests.test_generators" name="test_embed_payload_raises_when_message_exceeds_capacity[lsb]" time="0.001" /><testcase classname="tests.test_generators" name="test_embed_payload_raises_when_message_exceeds_capacity[dct]" time="0.002" /><testcase classname="tests.test_generators" name="test_embed_payload_raises_when_message_exceeds_capacity[fft]" time="0.007" /><testcase classname="tests.test_generators" name="test_run_produces_valid_stego[lsb]" time="0.003" /><testcase classname="tests.test_generators" name="test_run_produces_valid_stego[dct]" time="0.005" /><testcase classname="tests.test_generators" name="test_run_produces_valid_stego[fft]" time="0.012" /><testcase classname="tests.test_generators" name="test_run_produces_valid_stego[adaptive]" time="0.061" /><testcase classname="tests.test_generators" name="test_run_produces_valid_stego[steganogan]" time="0.013" /><testcase classname="tests.test_generators" name="test_run_preserves_non_square_non_256_shape[lsb]" time="0.003" /><testcase classname="tests.test_generators" name="test_run_preserves_non_square_non_256_shape[dct]" time="0.004" /><testcase classname="tests.test_generators" name="test_run_preserves_non_square_non_256_shape[fft]" time="0.010" /><testcase classname="tests.test_generators" name="test_run_preserves_non_square_non_256_shape[adaptive]" time="0.051" /><testcase classname="tests.test_generators" name="test_run_preserves_non_square_non_256_shape[steganogan]" time="0.008" /><testcase classname="tests.test_generators" name="test_non_recoverable_generators_change_the_image[adaptive]" time="0.057" /><testcase classname="tests.test_generators" name="test_non_recoverable_generators_change_the_image[steganogan]" time="0.004" /><testcase classname="tests.test_generators" name="test_unknown_gen_type_returns_none" time="0.003" /></testsuite></testsuites>