{"numTotalTestSuites":20,"numPassedTestSuites":20,"numFailedTestSuites":0,"numPendingTestSuites":0,"numTotalTests":56,"numPassedTests":56,"numFailedTests":0,"numPendingTests":0,"numTodoTests":0,"snapshot":{"added":0,"failure":false,"filesAdded":0,"filesRemoved":0,"filesRemovedList":[],"filesUnmatched":0,"filesUpdated":0,"matched":0,"total":0,"unchecked":0,"uncheckedKeysByFile":[],"unmatched":0,"updated":0,"didUpdate":false},"startTime":1786959355369,"success":true,"testResults":[{"assertionResults":[{"ancestorTitles":["METHODS / METHOD_ORDER"],"fullName":"METHODS / METHOD_ORDER every id in METHOD_ORDER has a matching METHODS entry","status":"passed","title":"every id in METHOD_ORDER has a matching METHODS entry","duration":2.0700729999999794,"failureMessages":[],"meta":{},"tags":[]},{"ancestorTitles":["METHODS / METHOD_ORDER"],"fullName":"METHODS / METHOD_ORDER has no duplicate entries","status":"passed","title":"has no duplicate entries","duration":0.2858929999999873,"failureMessages":[],"meta":{},"tags":[]},{"ancestorTitles":["METHODS / METHOD_ORDER"],"fullName":"METHODS / METHOD_ORDER every method has a plain-English label distinct from its technical name","status":"passed","title":"every method has a plain-English label distinct from its technical name","duration":1.0004769999999326,"failureMessages":[],"meta":{},"tags":[]},{"ancestorTitles":["METHODS / METHOD_ORDER"],"fullName":"METHODS / METHOD_ORDER exactly lsb/dct/fft are recoverable; adaptive/steganogan are not","status":"passed","title":"exactly lsb/dct/fft are recoverable; adaptive/steganogan are not","duration":0.40049999999996544,"failureMessages":[],"meta":{},"tags":[]},{"ancestorTitles":["METHODS / METHOD_ORDER"],"fullName":"METHODS / METHOD_ORDER every param has a key, label, type, and default","status":"passed","title":"every param has a key, label, type, and default","duration":1.8432080000000042,"failureMessages":[],"meta":{},"tags":[]},{"ancestorTitles":["METHODS / METHOD_ORDER"],"fullName":"METHODS / METHOD_ORDER every select param lists its default among its options","status":"passed","title":"every select param lists its default among its options","duration":0.4531360000000859,"failureMessages":[],"meta":{},"tags":[]},{"ancestorTitles":["defaultParams"],"fullName":"defaultParams builds a {key: default} object for a method with params","status":"passed","title":"builds a {key: default} object for a method with params","duration":0.35073099999999613,"failureMessages":[],"meta":{},"tags":[]},{"ancestorTitles":["defaultParams"],"fullName":"defaultParams returns an empty object for a method with no configurable params","status":"passed","title":"returns an empty object for a method with no configurable params","duration":0.14365699999996195,"failureMessages":[],"meta":{},"tags":[]},{"ancestorTitles":["defaultParams"],"fullName":"defaultParams covers every method in METHOD_ORDER without throwing","status":"passed","title":"covers every method in METHOD_ORDER without throwing","duration":1.1622170000000551,"failureMessages":[],"meta":{},"tags":[]},{"ancestorTitles":["formatHint"],"fullName":"formatHint formats a recoverable method + cipher hint","status":"passed","title":"formats a recoverable method + cipher hint","duration":0.25127899999995407,"failureMessages":[],"meta":{},"tags":[]},{"ancestorTitles":["formatHint"],"fullName":"formatHint renders \"no encryption\" for cipher none","status":"passed","title":"renders \"no encryption\" for cipher none","duration":0.16948100000001887,"failureMessages":[],"meta":{},"tags":[]},{"ancestorTitles":["formatHint"],"fullName":"formatHint renders \"no encryption\" when cipher is missing entirely","status":"passed","title":"renders \"no encryption\" when cipher is missing entirely","duration":0.11107500000002801,"failureMessages":[],"meta":{},"tags":[]},{"ancestorTitles":["formatHint"],"fullName":"formatHint falls back to the raw method id for an unknown method","status":"passed","title":"falls back to the raw method id for an unknown method","duration":0.08459500000003572,"failureMessages":[],"meta":{},"tags":[]},{"ancestorTitles":["formatHint"],"fullName":"formatHint returns an empty string for a null/undefined hint","status":"passed","title":"returns an empty string for a null/undefined hint","duration":0.1014549999999872,"failureMessages":[],"meta":{},"tags":[]}],"startTime":1786959359205,"endTime":1786959359214.2512,"status":"passed","message":"","name":"/home/linuxu/PycharmProjects/StegAnalysis/frontend/src/config/methods.test.js"},{"assertionResults":[{"ancestorTitles":["useAnalysis"],"fullName":"useAnalysis starts IDLE","status":"passed","title":"starts IDLE","duration":13.387271999999939,"failureMessages":[],"meta":{},"tags":[]},{"ancestorTitles":["useAnalysis"],"fullName":"useAnalysis passes through UPLOADING -> ANALYZING -> COMPLETE on success","status":"passed","title":"passes through UPLOADING -> ANALYZING -> COMPLETE on success","duration":613.1826639999999,"failureMessages":[],"meta":{},"tags":[]},{"ancestorTitles":["useAnalysis"],"fullName":"useAnalysis goes straight to ERROR on failure, without the ANALYZING beat","status":"passed","title":"goes straight to ERROR on failure, without the ANALYZING beat","duration":6.524989000000005,"failureMessages":[],"meta":{},"tags":[]},{"ancestorTitles":["useAnalysis"],"fullName":"useAnalysis reset() returns to IDLE","status":"passed","title":"reset() returns to IDLE","duration":4.2272489999998015,"failureMessages":[],"meta":{},"tags":[]}],"startTime":1786959356639,"endTime":1786959357276.2273,"status":"passed","message":"","name":"/home/linuxu/PycharmProjects/StegAnalysis/frontend/src/hooks/useAnalysis.test.js"},{"assertionResults":[{"ancestorTitles":["useCapacity"],"fullName":"useCapacity starts with no data, not loading","status":"passed","title":"starts with no data, not loading","duration":13.937767000000122,"failureMessages":[],"meta":{},"tags":[]},{"ancestorTitles":["useCapacity"],"fullName":"useCapacity debounces: does not call the API before the delay elapses","status":"passed","title":"debounces: does not call the API before the delay elapses","duration":59.50632900000005,"failureMessages":[],"meta":{},"tags":[]},{"ancestorTitles":["useCapacity"],"fullName":"useCapacity sets data after the debounced call resolves","status":"passed","title":"sets data after the debounced call resolves","duration":53.29334199999994,"failureMessages":[],"meta":{},"tags":[]},{"ancestorTitles":["useCapacity"],"fullName":"useCapacity passing a null file clears data immediately, with no API call","status":"passed","title":"passing a null file clears data immediately, with no API call","duration":1.9090029999999842,"failureMessages":[],"meta":{},"tags":[]},{"ancestorTitles":["useCapacity"],"fullName":"useCapacity a failed request clears data rather than leaving stale data, and stops loading","status":"passed","title":"a failed request clears data rather than leaving stale data, and stops loading","duration":56.328132000000096,"failureMessages":[],"meta":{},"tags":[]},{"ancestorTitles":["useCapacity"],"fullName":"useCapacity only the latest of several rapid calls applies its result (stale responses are ignored)","status":"passed","title":"only the latest of several rapid calls applies its result (stale responses are ignored)","duration":108.8857579999999,"failureMessages":[],"meta":{},"tags":[]},{"ancestorTitles":["useCapacity"],"fullName":"useCapacity clear() resets data and loading","status":"passed","title":"clear() resets data and loading","duration":54.21424900000011,"failureMessages":[],"meta":{},"tags":[]}],"startTime":1786959357927,"endTime":1786959358275.2144,"status":"passed","message":"","name":"/home/linuxu/PycharmProjects/StegAnalysis/frontend/src/hooks/useCapacity.test.js"},{"assertionResults":[{"ancestorTitles":["useEmbed"],"fullName":"useEmbed starts IDLE with no result/error","status":"passed","title":"starts IDLE with no result/error","duration":12.212582999999995,"failureMessages":[],"meta":{},"tags":[]},{"ancestorTitles":["useEmbed"],"fullName":"useEmbed goes PROCESSING -> COMPLETE and stores the result on success","status":"passed","title":"goes PROCESSING -> COMPLETE and stores the result on success","duration":6.579975999999988,"failureMessages":[],"meta":{},"tags":[]},{"ancestorTitles":["useEmbed"],"fullName":"useEmbed goes PROCESSING -> ERROR and re-throws on failure","status":"passed","title":"goes PROCESSING -> ERROR and re-throws on failure","duration":2.953717000000097,"failureMessages":[],"meta":{},"tags":[]},{"ancestorTitles":["useEmbed"],"fullName":"useEmbed reset() returns to IDLE and clears result/error","status":"passed","title":"reset() returns to IDLE and clears result/error","duration":2.1261939999999413,"failureMessages":[],"meta":{},"tags":[]},{"ancestorTitles":["useEmbed"],"fullName":"useEmbed a fresh embed() call clears a previous error","status":"passed","title":"a fresh embed() call clears a previous error","duration":1.9762590000000273,"failureMessages":[],"meta":{},"tags":[]}],"startTime":1786959359033,"endTime":1786959359058.9763,"status":"passed","message":"","name":"/home/linuxu/PycharmProjects/StegAnalysis/frontend/src/hooks/useEmbed.test.js"},{"assertionResults":[{"ancestorTitles":["useExtract — extract step"],"fullName":"useExtract — extract step starts IDLE","status":"passed","title":"starts IDLE","duration":15.386445999999978,"failureMessages":[],"meta":{},"tags":[]},{"ancestorTitles":["useExtract — extract step"],"fullName":"useExtract — extract step PROCESSING -> REVEALED on a found payload","status":"passed","title":"PROCESSING -> REVEALED on a found payload","duration":5.042218000000048,"failureMessages":[],"meta":{},"tags":[]},{"ancestorTitles":["useExtract — extract step"],"fullName":"useExtract — extract step PROCESSING -> ERROR with code \"no_payload\" when nothing is found","status":"passed","title":"PROCESSING -> ERROR with code \"no_payload\" when nothing is found","duration":2.77426800000012,"failureMessages":[],"meta":{},"tags":[]},{"ancestorTitles":["useExtract — decrypt step"],"fullName":"useExtract — decrypt step throws synchronously if called before a successful extract","status":"passed","title":"throws synchronously if called before a successful extract","duration":2.554875999999922,"failureMessages":[],"meta":{},"tags":[]},{"ancestorTitles":["useExtract — decrypt step"],"fullName":"useExtract — decrypt step REVEALED -> DECRYPTING -> DECRYPTED on the right passphrase","status":"passed","title":"REVEALED -> DECRYPTING -> DECRYPTED on the right passphrase","duration":3.8494379999999637,"failureMessages":[],"meta":{},"tags":[]},{"ancestorTitles":["useExtract — decrypt step"],"fullName":"useExtract — decrypt step a wrong passphrase drops back to REVEALED (not ERROR) so the user can retry","status":"passed","title":"a wrong passphrase drops back to REVEALED (not ERROR) so the user can retry","duration":1.667662000000064,"failureMessages":[],"meta":{},"tags":[]},{"ancestorTitles":["useExtract — decrypt step"],"fullName":"useExtract — decrypt step defaults to an empty-string passphrase when none is given","status":"passed","title":"defaults to an empty-string passphrase when none is given","duration":2.8256289999999353,"failureMessages":[],"meta":{},"tags":[]},{"ancestorTitles":["useExtract — reset"],"fullName":"useExtract — reset clears state/result/plaintext/error back to IDLE","status":"passed","title":"clears state/result/plaintext/error back to IDLE","duration":1.6336340000000291,"failureMessages":[],"meta":{},"tags":[]}],"startTime":1786959358325,"endTime":1786959358360.6335,"status":"passed","message":"","name":"/home/linuxu/PycharmProjects/StegAnalysis/frontend/src/hooks/useExtract.test.js"},{"assertionResults":[{"ancestorTitles":["CapacityMeter"],"fullName":"CapacityMeter shows an idle hint when there is no data and not loading","status":"passed","title":"shows an idle hint when there is no data and not loading","duration":25.367884000000004,"failureMessages":[],"meta":{},"tags":[]},{"ancestorTitles":["CapacityMeter"],"fullName":"CapacityMeter shows an \"estimating\" hint while loading with no data yet","status":"passed","title":"shows an \"estimating\" hint while loading with no data yet","duration":3.410816999999952,"failureMessages":[],"meta":{},"tags":[]},{"ancestorTitles":["CapacityMeter"],"fullName":"CapacityMeter shows the non-recoverable message for adaptive/steganogan-style data","status":"passed","title":"shows the non-recoverable message for adaptive/steganogan-style data","duration":3.471962000000076,"failureMessages":[],"meta":{},"tags":[]},{"ancestorTitles":["CapacityMeter"],"fullName":"CapacityMeter shows used/max bytes for a recoverable method within capacity","status":"passed","title":"shows used/max bytes for a recoverable method within capacity","duration":23.511017999999922,"failureMessages":[],"meta":{},"tags":[]},{"ancestorTitles":["CapacityMeter"],"fullName":"CapacityMeter flags an over-capacity message with an error and no crash on the bar width","status":"passed","title":"flags an over-capacity message with an error and no crash on the bar width","duration":5.7219330000000355,"failureMessages":[],"meta":{},"tags":[]},{"ancestorTitles":["CapacityMeter"],"fullName":"CapacityMeter treats a missing messageBytes as zero used","status":"passed","title":"treats a missing messageBytes as zero used","duration":3.167852000000039,"failureMessages":[],"meta":{},"tags":[]}],"startTime":1786959357994,"endTime":1786959358058.168,"status":"passed","message":"","name":"/home/linuxu/PycharmProjects/StegAnalysis/frontend/src/components/Embed/CapacityMeter.test.jsx"},{"assertionResults":[{"ancestorTitles":["GeneratorPicker"],"fullName":"GeneratorPicker renders one radio button per method, in METHOD_ORDER","status":"passed","title":"renders one radio button per method, in METHOD_ORDER","duration":128.04161599999998,"failureMessages":[],"meta":{},"tags":[]},{"ancestorTitles":["GeneratorPicker"],"fullName":"GeneratorPicker marks the selected method as checked and the rest as unchecked","status":"passed","title":"marks the selected method as checked and the rest as unchecked","duration":56.178435000000036,"failureMessages":[],"meta":{},"tags":[]},{"ancestorTitles":["GeneratorPicker"],"fullName":"GeneratorPicker calls onChange with the clicked method id","status":"passed","title":"calls onChange with the clicked method id","duration":43.78641199999993,"failureMessages":[],"meta":{},"tags":[]},{"ancestorTitles":["GeneratorPicker"],"fullName":"GeneratorPicker tags non-recoverable methods \"noise only\" and leaves recoverable ones untagged","status":"passed","title":"tags non-recoverable methods \"noise only\" and leaves recoverable ones untagged","duration":25.098240000000033,"failureMessages":[],"meta":{},"tags":[]},{"ancestorTitles":["GeneratorPicker"],"fullName":"GeneratorPicker shows the technical name alongside the plain-English label","status":"passed","title":"shows the technical name alongside the plain-English label","duration":18.711594000000105,"failureMessages":[],"meta":{},"tags":[]}],"startTime":1786959356652,"endTime":1786959356923.7117,"status":"passed","message":"","name":"/home/linuxu/PycharmProjects/StegAnalysis/frontend/src/components/Embed/GeneratorPicker.test.jsx"},{"assertionResults":[{"ancestorTitles":["ParamControls"],"fullName":"ParamControls renders a field for every param of the method","status":"passed","title":"renders a field for every param of the method","duration":44.916105000000016,"failureMessages":[],"meta":{},"tags":[]},{"ancestorTitles":["ParamControls"],"fullName":"ParamControls renders nothing for a method with no configurable params","status":"passed","title":"renders nothing for a method with no configurable params","duration":3.6814919999999347,"failureMessages":[],"meta":{},"tags":[]},{"ancestorTitles":["ParamControls"],"fullName":"ParamControls hides a param whose showIf condition is not met (lsb step, strategy=sequential)","status":"passed","title":"hides a param whose showIf condition is not met (lsb step, strategy=sequential)","duration":6.04734099999996,"failureMessages":[],"meta":{},"tags":[]},{"ancestorTitles":["ParamControls"],"fullName":"ParamControls shows the param once its showIf condition is met (lsb step, strategy=skip)","status":"passed","title":"shows the param once its showIf condition is met (lsb step, strategy=skip)","duration":5.283486999999923,"failureMessages":[],"meta":{},"tags":[]},{"ancestorTitles":["ParamControls"],"fullName":"ParamControls fires onChange with the raw string value for a select field","status":"passed","title":"fires onChange with the raw string value for a select field","duration":156.24906799999985,"failureMessages":[],"meta":{},"tags":[]},{"ancestorTitles":["ParamControls"],"fullName":"ParamControls fires onChange with a parsed Number (not a string) for a number field","status":"passed","title":"fires onChange with a parsed Number (not a string) for a number field","duration":6.446881000000076,"failureMessages":[],"meta":{},"tags":[]},{"ancestorTitles":["ParamControls"],"fullName":"ParamControls emits an empty string (not NaN) when a number field is cleared","status":"passed","title":"emits an empty string (not NaN) when a number field is cleared","duration":3.8383309999999256,"failureMessages":[],"meta":{},"tags":[]}],"startTime":1786959356650,"endTime":1786959356876.8384,"status":"passed","message":"","name":"/home/linuxu/PycharmProjects/StegAnalysis/frontend/src/components/Embed/ParamControls.test.jsx"}]}